\BOOKMARK [0][]{Title.0}{Title Page}{}% 1
\BOOKMARK [1][]{Resumo.1}{Resumo}{Title.0}% 2
\BOOKMARK [1][]{Abstract.1}{Abstract}{Title.0}% 3
\BOOKMARK [1][]{toc.1}{Sum\341rio}{Title.0}% 4
\BOOKMARK [1][]{lot.1}{Lista de Tabelas}{Title.0}% 5
\BOOKMARK [1][]{lof.1}{Lista de Figuras}{Title.0}% 6
\BOOKMARK [0][]{chapter.1}{1 Introdu\347\343o}{}% 7
\BOOKMARK [1][]{section.1.1}{1.1 Objetivos}{chapter.1}% 8
\BOOKMARK [2][]{subsection.1.1.1}{1.1.1 Objetivos Espec\355ficos}{section.1.1}% 9
\BOOKMARK [1][]{section.1.2}{1.2 Justificativa}{chapter.1}% 10
\BOOKMARK [1][]{section.1.3}{1.3 Organiza\347\343o do documento}{chapter.1}% 11
\BOOKMARK [0][]{chapter.2}{2 Fundamenta\347\343o Te\363rica}{}% 12
\BOOKMARK [1][]{section.2.1}{2.1 Ultra Wide Band}{chapter.2}% 13
\BOOKMARK [1][]{section.2.2}{2.2 Caracter\355sticas da tecnologia}{chapter.2}% 14
\BOOKMARK [2][]{subsection.2.2.1}{2.2.1 Vantagens}{section.2.2}% 15
\BOOKMARK [2][]{subsection.2.2.2}{2.2.2 Desvantagens}{section.2.2}% 16
\BOOKMARK [1][]{section.2.3}{2.3 Aplica\347\365es na rob\363tica}{chapter.2}% 17
\BOOKMARK [0][]{chapter.3}{3 Conclus\343o}{}% 18
\BOOKMARK [1][]{section.3.1}{3.1 Considera\347\365es finais}{chapter.3}% 19
\BOOKMARK [0][]{section.3.1}{Refer\352ncias}{}% 20
